<?xml version="1.0" encoding="UTF-8"?>
<testsuite name="com.steven.shorturldemo.ShorURLConvertorServiceTest" tests="4" skipped="0" failures="0" errors="0" timestamp="2020-10-24T10:14:55" hostname="C02ZX2C6MD6R" time="0.102">
  <properties/>
  <testcase name="givenShortenURLWhenConvertThenReturnLongURL()" classname="com.steven.shorturldemo.ShorURLConvertorServiceTest" time="0.061"/>
  <testcase name="giveDifferentLongURLWhenConvertThenReturnDifferentShortURL()" classname="com.steven.shorturldemo.ShorURLConvertorServiceTest" time="0.015"/>
  <testcase name="giveSameLongURLWhenConvertThenReturnSameShortURL()" classname="com.steven.shorturldemo.ShorURLConvertorServiceTest" time="0.013"/>
  <testcase name="givenInvalidURLWhenConvertThenReturnOriginalURL()" classname="com.steven.shorturldemo.ShorURLConvertorServiceTest" time="0.01"/>
  <system-out><![CDATA[
  .   ____          _            __ _ _
 /\\ / ___'_ __ _ _(_)_ __  __ _ \ \ \ \
( ( )\___ | '_ | '_| | '_ \/ _` | \ \ \ \
 \\/  ___)| |_)| | | | | || (_| |  ) ) ) )
  '  |____| .__|_| |_|_| |_\__, | / / / /
 =========|_|==============|___/=/_/_/_/
 :: Spring Boot ::        (v2.3.4.RELEASE)

[2020-10-24 18:14:54] -- [INFO ]: [com.steven.shorturldemo.ShorURLConvertorServiceTest] -- Starting ShorURLConvertorServiceTest on C02ZX2C6MD6R with PID 30152 (started by i078076 in /Users/i078076/workspace/shorturldemo)
[2020-10-24 18:14:54] -- [DEBUG]: [com.steven.shorturldemo.ShorURLConvertorServiceTest] -- Running with Spring Boot v2.3.4.RELEASE, Spring v5.2.9.RELEASE
[2020-10-24 18:14:54] -- [INFO ]: [com.steven.shorturldemo.ShorURLConvertorServiceTest] -- No active profile set, falling back to default profiles: default
[2020-10-24 18:14:55] -- [INFO ]: [com.steven.shorturldemo.ShorURLConvertorServiceTest] -- Started ShorURLConvertorServiceTest in 0.793 seconds (JVM running for 3.811)
]]></system-out>
  <system-err><![CDATA[]]></system-err>
</testsuite>
