<?xml version="1.0" encoding="UTF-8"?>
<testsuite name="com.steven.shorturldemo.ShorturldemoApplicationTests" tests="1" skipped="0" failures="0" errors="0" timestamp="2020-10-24T10:14:54" hostname="C02ZX2C6MD6R" time="0.201">
  <properties/>
  <testcase name="contextLoads()" classname="com.steven.shorturldemo.ShorturldemoApplicationTests" time="0.201"/>
  <system-out><![CDATA[18:14:52.275 [Test worker] DEBUG org.springframework.test.context.BootstrapUtils - Instantiating CacheAwareContextLoaderDelegate from class [org.springframework.test.context.cache.DefaultCacheAwareContextLoaderDelegate]
18:14:52.286 [Test worker] DEBUG org.springframework.test.context.BootstrapUtils - Instantiating BootstrapContext using constructor [public org.springframework.test.context.support.DefaultBootstrapContext(java.lang.Class,org.springframework.test.context.CacheAwareContextLoaderDelegate)]
18:14:52.313 [Test worker] DEBUG org.springframework.test.context.BootstrapUtils - Instantiating TestContextBootstrapper for test class [com.steven.shorturldemo.ShorturldemoApplicationTests] from class [org.springframework.boot.test.context.SpringBootTestContextBootstrapper]
18:14:52.329 [Test worker] INFO org.springframework.boot.test.context.SpringBootTestContextBootstrapper - Neither @ContextConfiguration nor @ContextHierarchy found for test class [com.steven.shorturldemo.ShorturldemoApplicationTests], using SpringBootContextLoader
18:14:52.335 [Test worker] DEBUG org.springframework.test.context.support.AbstractContextLoader - Did not detect default resource location for test class [com.steven.shorturldemo.ShorturldemoApplicationTests]: class path resource [com/steven/shorturldemo/ShorturldemoApplicationTests-context.xml] does not exist
18:14:52.336 [Test worker] DEBUG org.springframework.test.context.support.AbstractContextLoader - Did not detect default resource location for test class [com.steven.shorturldemo.ShorturldemoApplicationTests]: class path resource [com/steven/shorturldemo/ShorturldemoApplicationTestsContext.groovy] does not exist
18:14:52.336 [Test worker] INFO org.springframework.test.context.support.AbstractContextLoader - Could not detect default resource locations for test class [com.steven.shorturldemo.ShorturldemoApplicationTests]: no resource found for suffixes {-context.xml, Context.groovy}.
18:14:52.336 [Test worker] INFO org.springframework.test.context.support.AnnotationConfigContextLoaderUtils - Could not detect default configuration classes for test class [com.steven.shorturldemo.ShorturldemoApplicationTests]: ShorturldemoApplicationTests does not declare any static, non-private, non-final, nested classes annotated with @Configuration.
18:14:52.371 [Test worker] DEBUG org.springframework.test.context.support.ActiveProfilesUtils - Could not find an 'annotation declaring class' for annotation type [org.springframework.test.context.ActiveProfiles] and class [com.steven.shorturldemo.ShorturldemoApplicationTests]
18:14:52.431 [Test worker] DEBUG org.springframework.context.annotation.ClassPathScanningCandidateComponentProvider - Identified candidate component class: file [/Users/i078076/workspace/shorturldemo/build/classes/java/main/com/steven/shorturldemo/ShorturldemoApplication.class]
18:14:52.432 [Test worker] INFO org.springframework.boot.test.context.SpringBootTestContextBootstrapper - Found @SpringBootConfiguration com.steven.shorturldemo.ShorturldemoApplication for test class com.steven.shorturldemo.ShorturldemoApplicationTests
18:14:52.555 [Test worker] DEBUG org.springframework.boot.test.context.SpringBootTestContextBootstrapper - @TestExecutionListeners is not present for class [com.steven.shorturldemo.ShorturldemoApplicationTests]: using defaults.
18:14:52.555 [Test worker] INFO org.springframework.boot.test.context.SpringBootTestContextBootstrapper - Loaded default TestExecutionListener class names from location [META-INF/spring.factories]: [org.springframework.boot.test.autoconfigure.restdocs.RestDocsTestExecutionListener, org.springframework.boot.test.autoconfigure.web.client.MockRestServiceServerResetTestExecutionListener, org.springframework.boot.test.autoconfigure.web.servlet.MockMvcPrintOnlyOnFailureTestExecutionListener, org.springframework.boot.test.autoconfigure.web.servlet.WebDriverTestExecutionListener, org.springframework.boot.test.autoconfigure.webservices.client.MockWebServiceServerTestExecutionListener, org.springframework.boot.test.mock.mockito.MockitoTestExecutionListener, org.springframework.boot.test.mock.mockito.ResetMocksTestExecutionListener, org.springframework.test.context.web.ServletTestExecutionListener, org.springframework.test.context.support.DirtiesContextBeforeModesTestExecutionListener, org.springframework.test.context.support.DependencyInjectionTestExecutionListener, org.springframework.test.context.support.DirtiesContextTestExecutionListener, org.springframework.test.context.transaction.TransactionalTestExecutionListener, org.springframework.test.context.jdbc.SqlScriptsTestExecutionListener, org.springframework.test.context.event.EventPublishingTestExecutionListener]
18:14:52.567 [Test worker] DEBUG org.springframework.boot.test.context.SpringBootTestContextBootstrapper - Skipping candidate TestExecutionListener [org.springframework.test.context.transaction.TransactionalTestExecutionListener] due to a missing dependency. Specify custom listener classes or make the default listener classes and their required dependencies available. Offending class: [org/springframework/transaction/interceptor/TransactionAttributeSource]
18:14:52.568 [Test worker] DEBUG org.springframework.boot.test.context.SpringBootTestContextBootstrapper - Skipping candidate TestExecutionListener [org.springframework.test.context.jdbc.SqlScriptsTestExecutionListener] due to a missing dependency. Specify custom listener classes or make the default listener classes and their required dependencies available. Offending class: [org/springframework/transaction/interceptor/TransactionAttribute]
18:14:52.568 [Test worker] INFO org.springframework.boot.test.context.SpringBootTestContextBootstrapper - Using TestExecutionListeners: [org.springframework.test.context.web.ServletTestExecutionListener@425464c, org.springframework.test.context.support.DirtiesContextBeforeModesTestExecutionListener@6ad16, org.springframework.boot.test.mock.mockito.MockitoTestExecutionListener@79fb82dc, org.springframework.boot.test.autoconfigure.SpringBootDependencyInjectionTestExecutionListener@c68ab3e, org.springframework.test.context.support.DirtiesContextTestExecutionListener@22d18bd9, org.springframework.test.context.event.EventPublishingTestExecutionListener@178afc88, org.springframework.boot.test.autoconfigure.restdocs.RestDocsTestExecutionListener@324271c7, org.springframework.boot.test.autoconfigure.web.client.MockRestServiceServerResetTestExecutionListener@7bba1dea, org.springframework.boot.test.autoconfigure.web.servlet.MockMvcPrintOnlyOnFailureTestExecutionListener@559bce07, org.springframework.boot.test.autoconfigure.web.servlet.WebDriverTestExecutionListener@15b51680, org.springframework.boot.test.autoconfigure.webservices.client.MockWebServiceServerTestExecutionListener@345891b8, org.springframework.boot.test.mock.mockito.ResetMocksTestExecutionListener@1f268f94]
18:14:52.574 [Test worker] DEBUG org.springframework.test.context.support.AbstractDirtiesContextTestExecutionListener - Before test class: context [DefaultTestContext@7eee7370 testClass = ShorturldemoApplicationTests, testInstance = [null], testMethod = [null], testException = [null], mergedContextConfiguration = [WebMergedContextConfiguration@391fcfc8 testClass = ShorturldemoApplicationTests, locations = '{}', classes = '{class com.steven.shorturldemo.ShorturldemoApplication}', contextInitializerClasses = '[]', activeProfiles = '{}', propertySourceLocations = '{}', propertySourceProperties = '{org.springframework.boot.test.context.SpringBootTestContextBootstrapper=true}', contextCustomizers = set[org.springframework.boot.test.autoconfigure.properties.PropertyMappingContextCustomizer@0, org.springframework.boot.test.autoconfigure.web.servlet.WebDriverContextCustomizerFactory$Customizer@5eb278c5, org.springframework.boot.test.context.filter.ExcludeFilterContextCustomizer@4f561588, org.springframework.boot.test.json.DuplicateJsonObjectContextCustomizerFactory$DuplicateJsonObjectContextCustomizer@499f2eeb, org.springframework.boot.test.mock.mockito.MockitoContextCustomizer@0, org.springframework.boot.test.web.client.TestRestTemplateContextCustomizer@48e348b2, org.springframework.boot.test.context.SpringBootTestArgs@1], resourceBasePath = 'src/main/webapp', contextLoader = 'org.springframework.boot.test.context.SpringBootContextLoader', parent = [null]], attributes = map['org.springframework.test.context.web.ServletTestExecutionListener.activateListener' -> true]], class annotated with @DirtiesContext [false] with mode [null].
18:14:52.610 [Test worker] DEBUG org.springframework.test.context.support.TestPropertySourceUtils - Adding inlined properties to environment: {spring.jmx.enabled=false, org.springframework.boot.test.context.SpringBootTestContextBootstrapper=true}

  .   ____          _            __ _ _
 /\\ / ___'_ __ _ _(_)_ __  __ _ \ \ \ \
( ( )\___ | '_ | '_| | '_ \/ _` | \ \ \ \
 \\/  ___)| |_)| | | | | || (_| |  ) ) ) )
  '  |____| .__|_| |_|_| |_\__, | / / / /
 =========|_|==============|___/=/_/_/_/
 :: Spring Boot ::        (v2.3.4.RELEASE)

[2020-10-24 18:14:52] -- [INFO ]: [com.steven.shorturldemo.ShorturldemoApplicationTests] -- Starting ShorturldemoApplicationTests on C02ZX2C6MD6R with PID 30152 (started by i078076 in /Users/i078076/workspace/shorturldemo)
[2020-10-24 18:14:52] -- [DEBUG]: [com.steven.shorturldemo.ShorturldemoApplicationTests] -- Running with Spring Boot v2.3.4.RELEASE, Spring v5.2.9.RELEASE
[2020-10-24 18:14:52] -- [INFO ]: [com.steven.shorturldemo.ShorturldemoApplicationTests] -- No active profile set, falling back to default profiles: default
[2020-10-24 18:14:54] -- [INFO ]: [com.steven.shorturldemo.ShorturldemoApplicationTests] -- Started ShorturldemoApplicationTests in 1.715 seconds (JVM running for 2.787)
]]></system-out>
  <system-err><![CDATA[]]></system-err>
</testsuite>
